2020-07-21 14:02:33 URL:http://stormrider.io/maas-rad/maas-documentation-25.html [8966/8966] -> "maas-documentation-25.html.1.tmp.tmp" [1]
http://stormrider.io/robots.txt:
2020-07-21 14:02:35 ERROR 404: Not Found.
2020-07-21 14:02:39 URL:http://stormrider.io/maas-rad/css/stylesheet.css [23306/23306] -> "stylesheet.css.tmp.tmp" [1]
2020-07-21 14:02:44 URL:http://stormrider.io/maas-rad/about-maas-840.html [15477/15477] -> "about-maas-840.html.1.tmp.tmp" [1]
2020-07-21 14:02:48 URL:http://stormrider.io/maas-rad/give-me-an-example-of-maas-1314.html [29914/29914] -> "give-me-an-example-of-maas-1314.html.1.tmp.tmp" [1]
2020-07-21 14:02:52 URL:http://stormrider.io/maas-rad/explore-maas-787.html [11957/11957] -> "explore-maas-787.html.1.tmp.tmp" [1]
2020-07-21 14:02:57 URL:http://stormrider.io/maas-rad/whats-new-in-maas-2-8-1655.html [14281/14281] -> "whats-new-in-maas-2-8-1655.html.1.tmp.tmp" [1]
2020-07-21 14:03:01 URL:http://stormrider.io/maas-rad/maas-requirements-789.html [11536/11536] -> "maas-requirements-789.html.1.tmp.tmp" [1]
2020-07-21 14:03:05 URL:http://stormrider.io/maas-rad/maas-installation-from-a-snap-773.html [20590/20590] -> "maas-installation-from-a-snap-773.html.1.tmp.tmp" [1]
2020-07-21 14:03:10 URL:http://stormrider.io/maas-rad/configuration-journey-781.html [17063/17063] -> "configuration-journey-781.html.1.tmp.tmp" [1]
2020-07-21 14:03:14 URL:http://stormrider.io/maas-rad/installation-and-configuration-checklist-750.html [13119/13119] -> "installation-and-configuration-checklist-750.html.1.tmp.tmp" [1]
2020-07-21 14:03:18 URL:http://stormrider.io/maas-rad/introduction-to-controllers-786.html [10197/10197] -> "introduction-to-controllers-786.html.1.tmp.tmp" [1]
2020-07-21 14:03:23 URL:http://stormrider.io/maas-rad/maas-communication-783.html [12074/12074] -> "maas-communication-783.html.1.tmp.tmp" [1]
2020-07-21 14:03:27 URL:http://stormrider.io/maas-rad/rack-controllers-771.html [10011/10011] -> "rack-controllers-771.html.1.tmp.tmp" [1]
2020-07-21 14:03:31 URL:http://stormrider.io/maas-rad/region-controllers-772.html [11443/11443] -> "region-controllers-772.html.1.tmp.tmp" [1]
2020-07-21 14:03:36 URL:http://stormrider.io/maas-rad/high-availability-804.html [15750/15750] -> "high-availability-804.html.1.tmp.tmp" [1]
2020-07-21 14:03:40 URL:http://stormrider.io/maas-rad/introduction-to-machines-829.html [30987/30987] -> "introduction-to-machines-829.html.1.tmp.tmp" [1]
2020-07-21 14:03:45 URL:http://stormrider.io/maas-rad/add-machines-821.html [15723/15723] -> "add-machines-821.html.1.tmp.tmp" [1]
2020-07-21 14:03:49 URL:http://stormrider.io/maas-rad/power-management-830.html [13808/13808] -> "power-management-830.html.1.tmp.tmp" [1]
2020-07-21 14:03:53 URL:http://stormrider.io/maas-rad/commission-machines-822.html [25052/25052] -> "commission-machines-822.html.1.tmp.tmp" [1]
2020-07-21 14:03:58 URL:http://stormrider.io/maas-rad/hardware-testing-826.html [12550/12550] -> "hardware-testing-826.html.1.tmp.tmp" [1]
2020-07-21 14:04:02 URL:http://stormrider.io/maas-rad/network-testing-1267.html [14410/14410] -> "network-testing-1267.html.1.tmp.tmp" [1]
2020-07-21 14:04:06 URL:http://stormrider.io/maas-rad/commissioning-and-hardware-testing-scripts-833.html [30940/30940] -> "commissioning-and-hardware-testing-scripts-833.html.1.tmp.tmp" [1]
2020-07-21 14:04:10 URL:http://stormrider.io/maas-rad/deploy-machines-825.html [11779/11779] -> "deploy-machines-825.html.1.tmp.tmp" [1]
2020-07-21 14:04:15 URL:http://stormrider.io/maas-rad/maas-tags-834.html [16042/16042] -> "maas-tags-834.html.1.tmp.tmp" [1]
2020-07-21 14:04:19 URL:http://stormrider.io/maas-rad/custom-machine-setup-824.html [17110/17110] -> "custom-machine-setup-824.html.1.tmp.tmp" [1]
2020-07-21 14:04:24 URL:http://stormrider.io/maas-rad/kernel-boot-options-827.html [9513/9513] -> "kernel-boot-options-827.html.1.tmp.tmp" [1]
2020-07-21 14:04:28 URL:http://stormrider.io/maas-rad/resource-pools-831.html [10874/10874] -> "resource-pools-831.html.1.tmp.tmp" [1]
2020-07-21 14:04:32 URL:http://stormrider.io/maas-rad/storage-775.html [19275/19275] -> "storage-775.html.1.tmp.tmp" [1]
2020-07-21 14:04:37 URL:http://stormrider.io/maas-rad/vmware-vmfs-datastores-780.html [18453/18453] -> "vmware-vmfs-datastores-780.html.1.tmp.tmp" [1]
2020-07-21 14:04:41 URL:http://stormrider.io/maas-rad/ubuntu-kernels-828.html [14488/14488] -> "ubuntu-kernels-828.html.1.tmp.tmp" [1]
2020-07-21 14:04:45 URL:http://stormrider.io/maas-rad/images-754.html [9449/9449] -> "images-754.html.1.tmp.tmp" [1]
2020-07-21 14:04:49 URL:http://stormrider.io/maas-rad/select-and-import-images-751.html [10910/10910] -> "select-and-import-images-751.html.1.tmp.tmp" [1]
2020-07-21 14:04:54 URL:http://stormrider.io/maas-rad/local-image-mirror-752.html [10236/10236] -> "local-image-mirror-752.html.1.tmp.tmp" [1]
2020-07-21 14:04:58 URL:http://stormrider.io/maas-rad/vmware-images-753.html [11444/11444] -> "vmware-images-753.html.1.tmp.tmp" [1]
2020-07-21 14:05:03 URL:http://stormrider.io/maas-rad/networking-768.html [13021/13021] -> "networking-768.html.1.tmp.tmp" [1]
2020-07-21 14:05:07 URL:http://stormrider.io/maas-rad/subnet-management-766.html [10156/10156] -> "subnet-management-766.html.1.tmp.tmp" [1]
2020-07-21 14:05:11 URL:http://stormrider.io/maas-rad/managing-dhcp-759.html [15062/15062] -> "managing-dhcp-759.html.1.tmp.tmp" [1]
2020-07-21 14:05:16 URL:http://stormrider.io/maas-rad/ip-ranges-760.html [10000/10000] -> "ip-ranges-760.html.1.tmp.tmp" [1]
2020-07-21 14:05:20 URL:http://stormrider.io/maas-rad/proxy-763.html [10136/10136] -> "proxy-763.html.1.tmp.tmp" [1]
2020-07-21 14:05:24 URL:http://stormrider.io/maas-rad/ntp-services-762.html [8609/8609] -> "ntp-services-762.html.1.tmp.tmp" [1]
2020-07-21 14:05:28 URL:http://stormrider.io/maas-rad/network-discovery-758.html [8144/8144] -> "network-discovery-758.html.1.tmp.tmp" [1]
2020-07-21 14:05:33 URL:http://stormrider.io/maas-rad/ipv6-addressing-761.html [12538/12538] -> "ipv6-addressing-761.html.1.tmp.tmp" [1]
2020-07-21 14:05:37 URL:http://stormrider.io/maas-rad/configuring-tls-encryption-764.html [8484/8484] -> "configuring-tls-encryption-764.html.1.tmp.tmp" [1]
2020-07-21 14:05:41 URL:http://stormrider.io/maas-rad/managing-stp-765.html [7665/7665] -> "managing-stp-765.html.1.tmp.tmp" [1]
2020-07-21 14:05:45 URL:http://stormrider.io/maas-rad/availability-zones-820.html [11126/11126] -> "availability-zones-820.html.1.tmp.tmp" [1]
2020-07-21 14:05:50 URL:http://stormrider.io/maas-rad/introduction-to-vm-hosting-1524.html [10435/10435] -> "introduction-to-vm-hosting-1524.html.1.tmp.tmp" [1]
2020-07-21 14:05:54 URL:http://stormrider.io/maas-rad/vm-host-networking-1526.html [26488/26488] -> "vm-host-networking-1526.html.1.tmp.tmp" [1]
2020-07-21 14:05:58 URL:http://stormrider.io/maas-rad/adding-a-vm-host-1549.html [12237/12237] -> "adding-a-vm-host-1549.html.1.tmp.tmp" [1]
2020-07-21 14:06:02 URL:http://stormrider.io/maas-rad/vm-host-storage-pools-1525.html [7849/7849] -> "vm-host-storage-pools-1525.html.1.tmp.tmp" [1]
2020-07-21 14:06:07 URL:http://stormrider.io/maas-rad/creating-and-deleting-vms-806.html [16674/16674] -> "creating-and-deleting-vms-806.html.1.tmp.tmp" [1]
2020-07-21 14:06:11 URL:http://stormrider.io/maas-rad/prometheus-metrics-813.html [11713/11713] -> "prometheus-metrics-813.html.1.tmp.tmp" [1]
2020-07-21 14:06:15 URL:http://stormrider.io/maas-rad/backup-792.html [13329/13329] -> "backup-792.html.1.tmp.tmp" [1]
2020-07-21 14:06:20 URL:http://stormrider.io/maas-rad/hardening-your-maas-installation-1381.html [27778/27778] -> "hardening-your-maas-installation-1381.html.1.tmp.tmp" [1]
2020-07-21 14:06:24 URL:http://stormrider.io/maas-rad/maas-logging-1468.html [9886/9886] -> "maas-logging-1468.html.1.tmp.tmp" [1]
2020-07-21 14:06:28 URL:http://stormrider.io/maas-rad/commissioning-logs-1478.html [83003/83003] -> "commissioning-logs-1478.html.1.tmp.tmp" [1]
2020-07-21 14:06:33 URL:http://stormrider.io/maas-rad/user-accounts-790.html [11597/11597] -> "user-accounts-790.html.1.tmp.tmp" [1]
2020-07-21 14:06:37 URL:http://stormrider.io/maas-rad/interactive-search-819.html [11711/11711] -> "interactive-search-819.html.1.tmp.tmp" [1]
2020-07-21 14:06:41 URL:http://stormrider.io/maas-rad/concepts-and-terms-785.html [44847/44847] -> "concepts-and-terms-785.html.1.tmp.tmp" [1]
2020-07-21 14:06:45 URL:http://stormrider.io/maas-rad/maas-cli-802.html [12727/12727] -> "maas-cli-802.html.1.tmp.tmp" [1]
2020-07-21 14:06:50 URL:http://stormrider.io/maas-rad/common-cli-tasks-794.html [18274/18274] -> "common-cli-tasks-794.html.1.tmp.tmp" [1]
2020-07-21 14:06:54 URL:http://stormrider.io/maas-rad/audit-event-logs-791.html [12962/12962] -> "audit-event-logs-791.html.1.tmp.tmp" [1]
2020-07-21 14:06:59 URL:http://stormrider.io/maas-rad/cli-kernel-management-799.html [10124/10124] -> "cli-kernel-management-799.html.1.tmp.tmp" [1]
2020-07-21 14:07:03 URL:http://stormrider.io/maas-rad/cli-image-management-797.html [14161/14161] -> "cli-image-management-797.html.1.tmp.tmp" [1]
2020-07-21 14:07:07 URL:http://stormrider.io/maas-rad/cli-interface-management-798.html [14699/14699] -> "cli-interface-management-798.html.1.tmp.tmp" [1]
2020-07-21 14:07:11 URL:http://stormrider.io/maas-rad/cli-tag-management-801.html [11867/11867] -> "cli-tag-management-801.html.1.tmp.tmp" [1]
2020-07-21 14:07:16 URL:http://stormrider.io/maas-rad/cli-resource-pool-management-800.html [9546/9546] -> "cli-resource-pool-management-800.html.1.tmp.tmp" [1]
2020-07-21 14:07:20 URL:http://stormrider.io/maas-rad/cli-dhcp-snippet-management-796.html [10393/10393] -> "cli-dhcp-snippet-management-796.html.1.tmp.tmp" [1]
2020-07-21 14:07:24 URL:http://stormrider.io/maas-rad/cli-commissioning-and-hardware-testing-scripts-832.html [14344/14344] -> "cli-commissioning-and-hardware-testing-scripts-832.html.1.tmp.tmp" [1]
2020-07-21 14:07:29 URL:http://stormrider.io/maas-rad/cli-advanced-tasks-793.html [20916/20916] -> "cli-advanced-tasks-793.html.1.tmp.tmp" [1]
2020-07-21 14:07:33 URL:http://stormrider.io/maas-rad/cli-composable-hardware-795.html [24506/24506] -> "cli-composable-hardware-795.html.1.tmp.tmp" [1]
2020-07-21 14:07:37 URL:http://stormrider.io/maas-rad/python-api-client-810.html [8881/8881] -> "python-api-client-810.html.1.tmp.tmp" [1]
2020-07-21 14:07:41 URL:http://stormrider.io/maas-rad/api-authentication-742.html [10068/10068] -> "api-authentication-742.html.1.tmp.tmp" [1]
2020-07-21 14:07:46 URL:http://stormrider.io/maas-rad/troubleshooting-837.html [17722/17722] -> "troubleshooting-837.html.1.tmp.tmp" [1]
2020-07-21 14:07:50 URL:http://stormrider.io/maas-rad/getting-help-838.html [8663/8663] -> "getting-help-838.html.1.tmp.tmp" [1]
2020-07-21 14:07:55 URL:http://stormrider.io/maas-rad/tips-tricks-and-traps-1506.html [12195/12195] -> "tips-tricks-and-traps-1506.html.1.tmp.tmp" [1]
2020-07-21 14:07:59 URL:http://stormrider.io/maas-rad/writing-guide-747.html [15788/15788] -> "writing-guide-747.html.1.tmp.tmp" [1]
2020-07-21 14:08:04 URL:http://stormrider.io/maas-rad/historical-release-notes-835.html [100303/100303] -> "historical-release-notes-835.html.1.tmp.tmp" [1]
2020-07-21 14:08:08 URL:http://stormrider.io/maas-rad/postgresql-ha-hot-standby-803.html [13926/13926] -> "postgresql-ha-hot-standby-803.html.1.tmp.tmp" [1]
2020-07-21 14:08:12 URL:http://stormrider.io/maas-rad/disk-erasure-774.html [9550/9550] -> "disk-erasure-774.html.1.tmp.tmp" [1]
2020-07-21 14:08:17 URL:http://stormrider.io/maas-rad/block-devices-749.html [23034/23034] -> "block-devices-749.html.1.tmp.tmp" [1]
2020-07-21 14:08:21 URL:http://stormrider.io/maas-rad/maas-image-builder-1112.html [15963/15963] -> "maas-image-builder-1112.html.1.tmp.tmp" [1]
2020-07-21 14:08:25 URL:http://stormrider.io/maas-rad/zone-examples-784.html [9047/9047] -> "zone-examples-784.html.1.tmp.tmp" [1]
http://stormrider.io/maas-rad/=/test-logs/1479:
Remote file does not exist -- broken link!!!
http://stormrider.io/maas-rad/=/machine-logs/1480:
Remote file does not exist -- broken link!!!
http://stormrider.io/maas-rad/=/event-logs/1481:
Remote file does not exist -- broken link!!!
http://stormrider.io/maas-rad/=/the-maas-log-file/1482:
Remote file does not exist -- broken link!!!
http://stormrider.io/maas-rad/=/the-rackd-log-file/1483:
Remote file does not exist -- broken link!!!
http://stormrider.io/maas-rad/=/the-regiond-log-file/1484:
Remote file does not exist -- broken link!!!
http://stormrider.io/maas-rad/=/the-http-access-log-file/1485:
Remote file does not exist -- broken link!!!
http://stormrider.io/maas-rad/=/the-http-error-log-file/1486:
Remote file does not exist -- broken link!!!
http://stormrider.io/maas-rad/=/the-proxy-log-files/1487:
Remote file does not exist -- broken link!!!
http://stormrider.io/maas-rad/=/the-maas-rsyslog-files/1488:
Remote file does not exist -- broken link!!!
http://stormrider.io/docs/api:
Remote file does not exist -- broken link!!!
2020-07-21 14:08:53 URL:http://stormrider.io/maas-rad/add-a-vm-host-1523.html [14951/14951] -> "add-a-vm-host-1523.html.tmp.tmp" [1]
2020-07-21 14:08:57 URL:http://stormrider.io/maas-rad/manage-composable-machines-812.html [17072/17072] -> "manage-composable-machines-812.html.1.tmp.tmp" [1]
2020-07-21 14:09:02 URL:http://stormrider.io/maas-rad/language-details-contributing-to-maas-docs-745.html [9550/9550] -> "language-details-contributing-to-maas-docs-745.html.1.tmp.tmp" [1]
2020-07-21 14:09:06 URL:http://stormrider.io/maas-rad/whats-new-in-maas-2-6-1305.html [8787/8787] -> "whats-new-in-maas-2-6-1305.html.1.tmp.tmp" [1]
http://stormrider.io/maas-rad/maas-2-6-2-released-1148.html:
Remote file does not exist -- broken link!!!
http://stormrider.io/maas-rad/maas-2-6-1-released-1025.html:
Remote file does not exist -- broken link!!!
http://stormrider.io/maas-rad/maas-2-6-0-released-724.html:
Remote file does not exist -- broken link!!!
http://stormrider.io/maas-rad/maas-2-6-0-rc-released-598.html:
Remote file does not exist -- broken link!!!
http://stormrider.io/maas-rad/maas-2-6-0-beta-4-released-537.html:
Remote file does not exist -- broken link!!!
http://stormrider.io/maas-rad/maas-2-6-0-beta-3-released-533.html:
Remote file does not exist -- broken link!!!
http://stormrider.io/maas-rad/2-6-0-beta-2-released-523.html:
Remote file does not exist -- broken link!!!
http://stormrider.io/maas-rad/2-6-0-beta-1-released-495.html:
Remote file does not exist -- broken link!!!
http://stormrider.io/maas-rad/maas-2-6-0-alpha-2-released-460.html:
Remote file does not exist -- broken link!!!
http://stormrider.io/maas-rad/maas-2-6-0-alpha-1-released-413.html:
Remote file does not exist -- broken link!!!
Found 21 broken links.

http://stormrider.io/maas-rad/=/the-http-access-log-file/1485
http://stormrider.io/maas-rad/=/the-regiond-log-file/1484
http://stormrider.io/maas-rad/maas-2-6-2-released-1148.html
http://stormrider.io/maas-rad/maas-2-6-0-rc-released-598.html
http://stormrider.io/maas-rad/maas-2-6-0-beta-3-released-533.html
http://stormrider.io/maas-rad/=/machine-logs/1480
http://stormrider.io/maas-rad/maas-2-6-0-alpha-2-released-460.html
http://stormrider.io/maas-rad/=/the-maas-log-file/1482
http://stormrider.io/maas-rad/=/the-rackd-log-file/1483
http://stormrider.io/maas-rad/=/the-http-error-log-file/1486
http://stormrider.io/maas-rad/=/the-proxy-log-files/1487
http://stormrider.io/maas-rad/=/the-maas-rsyslog-files/1488
http://stormrider.io/maas-rad/=/test-logs/1479
http://stormrider.io/maas-rad/maas-2-6-0-released-724.html
http://stormrider.io/maas-rad/2-6-0-beta-1-released-495.html
http://stormrider.io/maas-rad/=/event-logs/1481
http://stormrider.io/maas-rad/maas-2-6-1-released-1025.html
http://stormrider.io/docs/api
http://stormrider.io/maas-rad/maas-2-6-0-alpha-1-released-413.html
http://stormrider.io/maas-rad/maas-2-6-0-beta-4-released-537.html
http://stormrider.io/maas-rad/2-6-0-beta-2-released-523.html

FINISHED --2020-07-21 14:09:27--
Total wall clock time: 6m 57s
Downloaded: 86 files, 1.3M in 4.5s (304 KB/s)
